[debug] [2023-06-07T14:46:09.473Z] ----------------------------------------------------------------------
[debug] [2023-06-07T14:46:09.474Z] Command:       D:\Software\Nodejs\node.exe C:\Users\kudat\AppData\Roaming\npm\node_modules\firebase-tools\lib\bin\firebase.js deploy
[debug] [2023-06-07T14:46:09.475Z] CLI Version:   12.2.1
[debug] [2023-06-07T14:46:09.475Z] Platform:      win32
[debug] [2023-06-07T14:46:09.475Z] Node Version:  v18.13.0
[debug] [2023-06-07T14:46:09.476Z] Time:          Wed Jun 07 2023 21:46:09 GMT+0700 (Indochina Time)
[debug] [2023-06-07T14:46:09.476Z] ----------------------------------------------------------------------
[debug] 
[debug] [2023-06-07T14:46:09.540Z] > command requires scopes: ["email","openid","https://www.googleapis.com/auth/cloudplatformprojects.readonly","https://www.googleapis.com/auth/firebase","https://www.googleapis.com/auth/cloud-platform"]
[debug] [2023-06-07T14:46:09.541Z] > authorizing via signed-in user (dariusnoxus2303@gmail.com)
[debug] [2023-06-07T14:46:09.541Z] [iam] checking project shop-g2a-d5524 for permissions ["firebase.projects.get","firebasehosting.sites.update"]
[debug] [2023-06-07T14:46:09.542Z] > refreshing access token with scopes: []
[debug] [2023-06-07T14:46:09.544Z] >>> [apiv2][query] POST https://www.googleapis.com/oauth2/v3/token [none]
[debug] [2023-06-07T14:46:09.544Z] >>> [apiv2][body] POST https://www.googleapis.com/oauth2/v3/token [omitted]
[debug] [2023-06-07T14:46:09.771Z] <<< [apiv2][status] POST https://www.googleapis.com/oauth2/v3/token 200
[debug] [2023-06-07T14:46:09.772Z] <<< [apiv2][body] POST https://www.googleapis.com/oauth2/v3/token [omitted]
[debug] [2023-06-07T14:46:09.779Z] >>> [apiv2][query] POST https://cloudresourcemanager.googleapis.com/v1/projects/shop-g2a-d5524:testIamPermissions [none]
[debug] [2023-06-07T14:46:09.779Z] >>> [apiv2][(partial)header] POST https://cloudresourcemanager.googleapis.com/v1/projects/shop-g2a-d5524:testIamPermissions x-goog-quota-user=projects/shop-g2a-d5524
[debug] [2023-06-07T14:46:09.779Z] >>> [apiv2][body] POST https://cloudresourcemanager.googleapis.com/v1/projects/shop-g2a-d5524:testIamPermissions {"permissions":["firebase.projects.get","firebasehosting.sites.update"]}
[debug] [2023-06-07T14:46:10.793Z] <<< [apiv2][status] POST https://cloudresourcemanager.googleapis.com/v1/projects/shop-g2a-d5524:testIamPermissions 200
[debug] [2023-06-07T14:46:10.793Z] <<< [apiv2][body] POST https://cloudresourcemanager.googleapis.com/v1/projects/shop-g2a-d5524:testIamPermissions {"permissions":["firebase.projects.get","firebasehosting.sites.update"]}
[debug] [2023-06-07T14:46:10.794Z] >>> [apiv2][query] GET https://firebase.googleapis.com/v1beta1/projects/shop-g2a-d5524 [none]
[debug] [2023-06-07T14:46:11.185Z] <<< [apiv2][status] GET https://firebase.googleapis.com/v1beta1/projects/shop-g2a-d5524 200
[debug] [2023-06-07T14:46:11.185Z] <<< [apiv2][body] GET https://firebase.googleapis.com/v1beta1/projects/shop-g2a-d5524 {"projectId":"shop-g2a-d5524","projectNumber":"483378173165","displayName":"Shop-G2A","name":"projects/shop-g2a-d5524","resources":{"hostingSite":"shop-g2a-d5524","storageBucket":"shop-g2a-d5524.appspot.com","locationId":"asia-south1"},"state":"ACTIVE","etag":"1_5c8053e9-c76d-4f24-8f84-bc6471536496"}
[info] 
[info] === Deploying to 'shop-g2a-d5524'...
[info] 
[info] i  deploying hosting 
[debug] [2023-06-07T14:46:11.191Z] >>> [apiv2][query] POST https://firebasehosting.googleapis.com/v1beta1/projects/-/sites/shop-g2a-d5524/versions [none]
[debug] [2023-06-07T14:46:11.191Z] >>> [apiv2][body] POST https://firebasehosting.googleapis.com/v1beta1/projects/-/sites/shop-g2a-d5524/versions {"status":"CREATED","labels":{"deployment-tool":"cli-firebase"}}
[debug] [2023-06-07T14:46:12.037Z] <<< [apiv2][status] POST https://firebasehosting.googleapis.com/v1beta1/projects/-/sites/shop-g2a-d5524/versions 200
[debug] [2023-06-07T14:46:12.037Z] <<< [apiv2][body] POST https://firebasehosting.googleapis.com/v1beta1/projects/-/sites/shop-g2a-d5524/versions {"name":"projects/483378173165/sites/shop-g2a-d5524/versions/3b59c743d9f5215f","status":"CREATED","config":{},"labels":{"deployment-tool":"cli-firebase"}}
[info] i  hosting[shop-g2a-d5524]: beginning deploy... 
[info] i  hosting[shop-g2a-d5524]: found 17 files in build 
[debug] [2023-06-07T14:46:32.264Z] [hosting] uploading with 200 concurrency
[debug] [2023-06-07T14:46:32.629Z] [hosting] hash cache [YnVpbGQ] stored for 17 files
[debug] [2023-06-07T14:46:32.629Z] [hosting][hash queue][FINAL] {"max":349,"min":14,"avg":47.588235294117645,"active":0,"complete":17,"success":17,"errored":0,"retried":0,"total":17,"elapsed":362}
[debug] [2023-06-07T14:46:32.630Z] >>> [apiv2][query] POST https://firebasehosting.googleapis.com/v1beta1/projects/483378173165/sites/shop-g2a-d5524/versions/3b59c743d9f5215f:populateFiles [none]
[debug] [2023-06-07T14:46:32.630Z] >>> [apiv2][body] POST https://firebasehosting.googleapis.com/v1beta1/projects/483378173165/sites/shop-g2a-d5524/versions/3b59c743d9f5215f:populateFiles {"files":{"/favicon.ico":"3bab8973e600f6a03c410506953838d68ee1526094b304c4dfb77f6edaba97fb","/logo192.png":"3ee59515172ee198f3be375979df15ac5345183e656720a381b8872b2a39dc8b","/logo512.png":"ee7e2f3fdb8209c4b6fd7bef6ba50d1b9dba30a25bb5c3126df057e1cb6f5331","/manifest.json":"aff3449bdc238776f5d6d967f19ec491b36aed5fb7f23ccff6500736fd58494a","/robots.txt":"bfe106a3fb878dc83461c86818bf74fc1bdc7f28538ba613cd3e775516ce8b49","/asset-manifest.json":"50543d494905cf9647d92719dbcf167df33fe886b66fb65129b5aca8bd9fe96f","/index.html":"530734c045e3a19f5dd6ea3cf4cb85c3eac12763b99207c84530c4932cb5e082","/static/js/787.c4e7f8f9.chunk.js":"91c272bf68adff064c800f366f30728320d116b78ce6c85e37780678453e9a15","/static/js/787.c4e7f8f9.chunk.js.map":"fdc0ba0354fda15db8c49b806229335ca298deaac7ea1738089dde6724e65671","/static/js/main.3e9dde90.js.LICENSE.txt":"23e82aad2d2120e2cfbf252c70596080150034996eedc4a0ccc7a32c26131a2b","/static/css/main.004c98da.css.map":"f547c0df127a3227bd324e4a2b2b6055d45b683c204e8f2b057c8c82833ce4d9","/static/css/main.004c98da.css":"b3ac52739c64d7f88ef0466b8a4799c21659981fe9b088fb5bc141f1920acece","/static/media/Roboto-Bold.746e4b5d434b64a4206f.woff2":"1a2d6907be66b160409fbc79ec5ad65972d58357a85dd9648dffd2ea5dd8e0ec","/static/media/Roboto-Medium.897a05889d4894a27cf2.woff2":"f527450f09a04a6548d3bb094b9b54d577de0e8e897cbdcc3d85b620a389ef52","/static/media/Roboto-Regular.3b59f4fac87f52efe27c.woff2":"e85a4b922519a7844805886f9a3f26dea8d7e02ed5f2a2447fe915c930f55c39","/static/js/main.3e9dde90.js":"ace6a1f3c5dff9316b35d48f9553437c5e7c3b088fae05fc41c287ce451f58b1","/static/js/main.3e9dde90.js.map":"d17f6f162413385728117fd08ff399b3542c9f718dec58b31e40a34ca8541e4f"}}
[debug] [2023-06-07T14:46:33.207Z] <<< [apiv2][status] POST https://firebasehosting.googleapis.com/v1beta1/projects/483378173165/sites/shop-g2a-d5524/versions/3b59c743d9f5215f:populateFiles 200
[debug] [2023-06-07T14:46:33.207Z] <<< [apiv2][body] POST https://firebasehosting.googleapis.com/v1beta1/projects/483378173165/sites/shop-g2a-d5524/versions/3b59c743d9f5215f:populateFiles {"uploadRequiredHashes":["530734c045e3a19f5dd6ea3cf4cb85c3eac12763b99207c84530c4932cb5e082","ace6a1f3c5dff9316b35d48f9553437c5e7c3b088fae05fc41c287ce451f58b1","d17f6f162413385728117fd08ff399b3542c9f718dec58b31e40a34ca8541e4f","50543d494905cf9647d92719dbcf167df33fe886b66fb65129b5aca8bd9fe96f"],"uploadUrl":"https://upload-firebasehosting.googleapis.com/upload/sites/shop-g2a-d5524/versions/3b59c743d9f5215f/files"}
[debug] [2023-06-07T14:46:33.208Z] >>> [apiv2][query] POST https://upload-firebasehosting.googleapis.com/upload/sites/shop-g2a-d5524/versions/3b59c743d9f5215f/files/530734c045e3a19f5dd6ea3cf4cb85c3eac12763b99207c84530c4932cb5e082 [none]
[debug] [2023-06-07T14:46:33.209Z] >>> [apiv2][body] POST https://upload-firebasehosting.googleapis.com/upload/sites/shop-g2a-d5524/versions/3b59c743d9f5215f/files/530734c045e3a19f5dd6ea3cf4cb85c3eac12763b99207c84530c4932cb5e082 [stream]
[debug] [2023-06-07T14:46:33.210Z] >>> [apiv2][query] POST https://upload-firebasehosting.googleapis.com/upload/sites/shop-g2a-d5524/versions/3b59c743d9f5215f/files/ace6a1f3c5dff9316b35d48f9553437c5e7c3b088fae05fc41c287ce451f58b1 [none]
[debug] [2023-06-07T14:46:33.210Z] >>> [apiv2][body] POST https://upload-firebasehosting.googleapis.com/upload/sites/shop-g2a-d5524/versions/3b59c743d9f5215f/files/ace6a1f3c5dff9316b35d48f9553437c5e7c3b088fae05fc41c287ce451f58b1 [stream]
[debug] [2023-06-07T14:46:33.211Z] >>> [apiv2][query] POST https://upload-firebasehosting.googleapis.com/upload/sites/shop-g2a-d5524/versions/3b59c743d9f5215f/files/d17f6f162413385728117fd08ff399b3542c9f718dec58b31e40a34ca8541e4f [none]
[debug] [2023-06-07T14:46:33.211Z] >>> [apiv2][body] POST https://upload-firebasehosting.googleapis.com/upload/sites/shop-g2a-d5524/versions/3b59c743d9f5215f/files/d17f6f162413385728117fd08ff399b3542c9f718dec58b31e40a34ca8541e4f [stream]
[debug] [2023-06-07T14:46:33.213Z] >>> [apiv2][query] POST https://upload-firebasehosting.googleapis.com/upload/sites/shop-g2a-d5524/versions/3b59c743d9f5215f/files/50543d494905cf9647d92719dbcf167df33fe886b66fb65129b5aca8bd9fe96f [none]
[debug] [2023-06-07T14:46:33.213Z] >>> [apiv2][body] POST https://upload-firebasehosting.googleapis.com/upload/sites/shop-g2a-d5524/versions/3b59c743d9f5215f/files/50543d494905cf9647d92719dbcf167df33fe886b66fb65129b5aca8bd9fe96f [stream]
[debug] [2023-06-07T14:46:33.213Z] [hosting][populate queue][FINAL] {"max":581,"min":581,"avg":581,"active":0,"complete":1,"success":1,"errored":0,"retried":0,"total":1,"elapsed":586}
[debug] [2023-06-07T14:46:33.214Z] [hosting] uploads queued: 4
[debug] [2023-06-07T14:46:35.364Z] <<< [apiv2][status] POST https://upload-firebasehosting.googleapis.com/upload/sites/shop-g2a-d5524/versions/3b59c743d9f5215f/files/530734c045e3a19f5dd6ea3cf4cb85c3eac12763b99207c84530c4932cb5e082 200
[debug] [2023-06-07T14:46:35.364Z] <<< [apiv2][body] POST https://upload-firebasehosting.googleapis.com/upload/sites/shop-g2a-d5524/versions/3b59c743d9f5215f/files/530734c045e3a19f5dd6ea3cf4cb85c3eac12763b99207c84530c4932cb5e082 [stream]
[debug] [2023-06-07T14:46:35.497Z] <<< [apiv2][status] POST https://upload-firebasehosting.googleapis.com/upload/sites/shop-g2a-d5524/versions/3b59c743d9f5215f/files/ace6a1f3c5dff9316b35d48f9553437c5e7c3b088fae05fc41c287ce451f58b1 200
[debug] [2023-06-07T14:46:35.498Z] <<< [apiv2][body] POST https://upload-firebasehosting.googleapis.com/upload/sites/shop-g2a-d5524/versions/3b59c743d9f5215f/files/ace6a1f3c5dff9316b35d48f9553437c5e7c3b088fae05fc41c287ce451f58b1 [stream]
[debug] [2023-06-07T14:46:35.514Z] <<< [apiv2][status] POST https://upload-firebasehosting.googleapis.com/upload/sites/shop-g2a-d5524/versions/3b59c743d9f5215f/files/50543d494905cf9647d92719dbcf167df33fe886b66fb65129b5aca8bd9fe96f 200
[debug] [2023-06-07T14:46:35.515Z] <<< [apiv2][body] POST https://upload-firebasehosting.googleapis.com/upload/sites/shop-g2a-d5524/versions/3b59c743d9f5215f/files/50543d494905cf9647d92719dbcf167df33fe886b66fb65129b5aca8bd9fe96f [stream]
[debug] [2023-06-07T14:46:35.562Z] <<< [apiv2][status] POST https://upload-firebasehosting.googleapis.com/upload/sites/shop-g2a-d5524/versions/3b59c743d9f5215f/files/d17f6f162413385728117fd08ff399b3542c9f718dec58b31e40a34ca8541e4f 200
[debug] [2023-06-07T14:46:35.562Z] <<< [apiv2][body] POST https://upload-firebasehosting.googleapis.com/upload/sites/shop-g2a-d5524/versions/3b59c743d9f5215f/files/d17f6f162413385728117fd08ff399b3542c9f718dec58b31e40a34ca8541e4f [stream]
[debug] [2023-06-07T14:46:35.562Z] [hosting][upload queue][FINAL] {"max":2354,"min":2156,"avg":2276.75,"active":0,"complete":4,"success":4,"errored":0,"retried":0,"total":4,"elapsed":2354}
[info] +  hosting[shop-g2a-d5524]: file upload complete 
[debug] [2023-06-07T14:46:35.564Z] [hosting] deploy completed after 3315ms
[debug] [2023-06-07T14:46:35.567Z] [
  {
    "config": {
      "public": "build",
      "ignore": [
        "firebase.json",
        "**/.*",
        "**/node_modules/**"
      ],
      "site": "shop-g2a-d5524"
    },
    "version": "projects/483378173165/sites/shop-g2a-d5524/versions/3b59c743d9f5215f"
  }
]
[info] i  hosting[shop-g2a-d5524]: finalizing version... 
[debug] [2023-06-07T14:46:35.569Z] >>> [apiv2][query] PATCH https://firebasehosting.googleapis.com/v1beta1/projects/-/sites/shop-g2a-d5524/versions/3b59c743d9f5215f updateMask=status%2Cconfig
[debug] [2023-06-07T14:46:35.569Z] >>> [apiv2][body] PATCH https://firebasehosting.googleapis.com/v1beta1/projects/-/sites/shop-g2a-d5524/versions/3b59c743d9f5215f {"status":"FINALIZED","config":{}}
[debug] [2023-06-07T14:46:36.362Z] <<< [apiv2][status] PATCH https://firebasehosting.googleapis.com/v1beta1/projects/-/sites/shop-g2a-d5524/versions/3b59c743d9f5215f 200
[debug] [2023-06-07T14:46:36.362Z] <<< [apiv2][body] PATCH https://firebasehosting.googleapis.com/v1beta1/projects/-/sites/shop-g2a-d5524/versions/3b59c743d9f5215f {"name":"projects/483378173165/sites/shop-g2a-d5524/versions/3b59c743d9f5215f","status":"FINALIZED","config":{},"labels":{"deployment-tool":"cli-firebase"},"createTime":"2023-06-07T14:46:11.842796Z","createUser":{"email":"dariusnoxus2303@gmail.com"},"finalizeTime":"2023-06-07T14:46:36.474757Z","finalizeUser":{"email":"dariusnoxus2303@gmail.com"}}
[debug] [2023-06-07T14:46:36.362Z] [hosting] finalized version for shop-g2a-d5524:[object Object]
[info] +  hosting[shop-g2a-d5524]: version finalized 
[info] i  hosting[shop-g2a-d5524]: releasing new version... 
[debug] [2023-06-07T14:46:36.363Z] >>> [apiv2][query] POST https://firebasehosting.googleapis.com/v1beta1/projects/-/sites/shop-g2a-d5524/channels/live/releases versionName=projects%2F483378173165%2Fsites%2Fshop-g2a-d5524%2Fversions%2F3b59c743d9f5215f
[debug] [2023-06-07T14:46:36.363Z] >>> [apiv2][body] POST https://firebasehosting.googleapis.com/v1beta1/projects/-/sites/shop-g2a-d5524/channels/live/releases {}
[debug] [2023-06-07T14:46:36.968Z] <<< [apiv2][status] POST https://firebasehosting.googleapis.com/v1beta1/projects/-/sites/shop-g2a-d5524/channels/live/releases 200
[debug] [2023-06-07T14:46:36.970Z] <<< [apiv2][body] POST https://firebasehosting.googleapis.com/v1beta1/projects/-/sites/shop-g2a-d5524/channels/live/releases {"name":"projects/483378173165/sites/shop-g2a-d5524/channels/live/releases/1686149196485000","version":{"name":"projects/483378173165/sites/shop-g2a-d5524/versions/3b59c743d9f5215f","status":"FINALIZED","config":{},"labels":{"deployment-tool":"cli-firebase"},"createTime":"2023-06-07T14:46:11.842796Z","createUser":{"email":"dariusnoxus2303@gmail.com","imageUrl":"https://lh3.googleusercontent.com/a/AAcHTtclSJ-rU72376Qb0j55qWjb4nOWNLmkNESqZPwb"},"finalizeTime":"2023-06-07T14:46:36.474757Z","finalizeUser":{"email":"dariusnoxus2303@gmail.com","imageUrl":"https://lh3.googleusercontent.com/a/AAcHTtclSJ-rU72376Qb0j55qWjb4nOWNLmkNESqZPwb"}},"type":"DEPLOY","releaseTime":"2023-06-07T14:46:36.485Z","releaseUser":{"email":"dariusnoxus2303@gmail.com","imageUrl":"https://lh3.googleusercontent.com/a/AAcHTtclSJ-rU72376Qb0j55qWjb4nOWNLmkNESqZPwb"}}
[debug] [2023-06-07T14:46:36.970Z] [hosting] release: {"name":"projects/483378173165/sites/shop-g2a-d5524/channels/live/releases/1686149196485000","version":{"name":"projects/483378173165/sites/shop-g2a-d5524/versions/3b59c743d9f5215f","status":"FINALIZED","config":{},"labels":{"deployment-tool":"cli-firebase"},"createTime":"2023-06-07T14:46:11.842796Z","createUser":{"email":"dariusnoxus2303@gmail.com","imageUrl":"https://lh3.googleusercontent.com/a/AAcHTtclSJ-rU72376Qb0j55qWjb4nOWNLmkNESqZPwb"},"finalizeTime":"2023-06-07T14:46:36.474757Z","finalizeUser":{"email":"dariusnoxus2303@gmail.com","imageUrl":"https://lh3.googleusercontent.com/a/AAcHTtclSJ-rU72376Qb0j55qWjb4nOWNLmkNESqZPwb"}},"type":"DEPLOY","releaseTime":"2023-06-07T14:46:36.485Z","releaseUser":{"email":"dariusnoxus2303@gmail.com","imageUrl":"https://lh3.googleusercontent.com/a/AAcHTtclSJ-rU72376Qb0j55qWjb4nOWNLmkNESqZPwb"}}
[info] +  hosting[shop-g2a-d5524]: release complete 
[info] 
[info] +  Deploy complete! 
[info] 
[info] Project Console: https://console.firebase.google.com/project/shop-g2a-d5524/overview
[info] Hosting URL: https://shop-g2a-d5524.web.app
[debug] [2023-06-07T14:47:03.210Z] Error: Timed out.
    at Timeout._onTimeout (C:\Users\kudat\AppData\Roaming\npm\node_modules\firebase-tools\lib\utils.js:253:49)
    at listOnTimeout (node:internal/timers:564:17)
    at process.processTimers (node:internal/timers:507:7)
[error] 
[error] Error: An unexpected error has occurred.
